DEBUG [main] c.m.l.m.Message [Message.java:31] Som v konštruktore Message Debug.
WARN [main] c.m.l.m.Message [Message.java:32] Som v konštruktore Message Warn
ERROR [main] c.m.l.m.Message [Message.java:33] Som v konštruktore Message Error
ERROR [main] c.m.l.App [App.java:25] First error
ERROR [main] c.m.l.App [App.java:26] Second error
ERROR [main] c.m.l.App [App.java:27] Third error
DEBUG [main] c.m.l.App [App.java:28] First debug
DEBUG [main] c.m.l.App [App.java:29] Second debug
DEBUG [main] c.m.l.App [App.java:30] Third debug
DEBUG [main] c.m.l.m.Message [Message.java:31] Som v konštruktore Message Debug.
WARN [main] c.m.l.m.Message [Message.java:32] Som v konštruktore Message Warn
ERROR [main] c.m.l.m.Message [Message.java:33] Som v konštruktore Message Error
ERROR [main] c.m.l.App [App.java:25] First error
ERROR [main] c.m.l.App [App.java:26] Second error
ERROR [main] c.m.l.App [App.java:27] Third error
DEBUG [main] c.m.l.App [App.java:28] First debug
DEBUG [main] c.m.l.App [App.java:29] Second debug
DEBUG [main] c.m.l.App [App.java:30] Third debug
DEBUG [main] c.m.l.m.Message [Message.java:31] Som v konštruktore Message Debug.
WARN [main] c.m.l.m.Message [Message.java:32] Som v konštruktore Message Warn
ERROR [main] c.m.l.m.Message [Message.java:33] Som v konštruktore Message Error
ERROR [main] c.m.l.App [App.java:25] First error
ERROR [main] c.m.l.App [App.java:26] Second error
ERROR [main] c.m.l.App [App.java:27] Third error
DEBUG [main] c.m.l.App [App.java:28] First debug
DEBUG [main] c.m.l.App [App.java:29] Second debug
DEBUG [main] c.m.l.App [App.java:30] Third debug
DEBUG [main] c.m.l.m.Message [Message.java:31] Som v konštruktore Message Debug.
WARN [main] c.m.l.m.Message [Message.java:32] Som v konštruktore Message Warn
ERROR [main] c.m.l.m.Message [Message.java:33] Som v konštruktore Message Error
ERROR [main] c.m.l.App [App.java:25] First error
ERROR [main] c.m.l.App [App.java:26] Second error
ERROR [main] c.m.l.App [App.java:27] Third error
DEBUG [main] c.m.l.App [App.java:28] First debug
DEBUG [main] c.m.l.App [App.java:29] Second debug
DEBUG [main] c.m.l.App [App.java:30] Third debug
DEBUG [main] c.m.l.m.Message [Message.java:31] Som v konštruktore Message Debug.
WARN [main] c.m.l.m.Message [Message.java:32] Som v konštruktore Message Warn
ERROR [main] c.m.l.m.Message [Message.java:33] Som v konštruktore Message Error
ERROR [main] c.m.l.App [App.java:25] First error
ERROR [main] c.m.l.App [App.java:26] Second error
ERROR [main] c.m.l.App [App.java:27] Third error
DEBUG [main] c.m.l.App [App.java:28] First debug
DEBUG [main] c.m.l.App [App.java:29] Second debug
DEBUG [main] c.m.l.App [App.java:30] Third debug
DEBUG [main] c.m.l.m.Message [Message.java:31] Som v konštruktore Message Debug.
WARN [main] c.m.l.m.Message [Message.java:32] Som v konštruktore Message Warn
ERROR [main] c.m.l.m.Message [Message.java:33] Som v konštruktore Message Error
ERROR [main] c.m.l.App [App.java:25] First error
ERROR [main] c.m.l.App [App.java:26] Second error
ERROR [main] c.m.l.App [App.java:27] Third error
DEBUG [main] c.m.l.App [App.java:28] First debug
DEBUG [main] c.m.l.App [App.java:29] Second debug
DEBUG [main] c.m.l.App [App.java:30] Third debug
DEBUG [main] c.m.l.m.Message [Message.java:31] Som v konštruktore Message Debug.
WARN [main] c.m.l.m.Message [Message.java:32] Som v konštruktore Message Warn
ERROR [main] c.m.l.m.Message [Message.java:33] Som v konštruktore Message Error
ERROR [main] c.m.l.App [App.java:25] First error
ERROR [main] c.m.l.App [App.java:26] Second error
ERROR [main] c.m.l.App [App.java:27] Third error
DEBUG [main] c.m.l.App [App.java:28] First debug
DEBUG [main] c.m.l.App [App.java:29] Second debug
DEBUG [main] c.m.l.App [App.java:30] Third debug
DEBUG [main] c.m.l.m.Message [Message.java:31] Som v konštruktore Message Debug.
WARN [main] c.m.l.m.Message [Message.java:32] Som v konštruktore Message Warn
ERROR [main] c.m.l.m.Message [Message.java:33] Som v konštruktore Message Error
ERROR [main] c.m.l.App [App.java:25] First error
ERROR [main] c.m.l.App [App.java:26] Second error
ERROR [main] c.m.l.App [App.java:27] Third error
DEBUG [main] c.m.l.App [App.java:28] First debug
DEBUG [main] c.m.l.App [App.java:29] Second debug
DEBUG [main] c.m.l.App [App.java:30] Third debug
DEBUG [main] c.m.l.m.Message [Message.java:31] Som v konštruktore Message Debug.
WARN [main] c.m.l.m.Message [Message.java:32] Som v konštruktore Message Warn
ERROR [main] c.m.l.m.Message [Message.java:33] Som v konštruktore Message Error
ERROR [main] c.m.l.App [App.java:25] First error
ERROR [main] c.m.l.App [App.java:26] Second error
ERROR [main] c.m.l.App [App.java:27] Third error
DEBUG [main] c.m.l.App [App.java:28] First debug
DEBUG [main] c.m.l.App [App.java:29] Second debug
DEBUG [main] c.m.l.App [App.java:30] Third debug
DEBUG [main] c.m.l.m.Message [Message.java:31] Som v konštruktore Message Debug.
WARN [main] c.m.l.m.Message [Message.java:32] Som v konštruktore Message Warn
ERROR [main] c.m.l.m.Message [Message.java:33] Som v konštruktore Message Error
ERROR [main] c.m.l.App [App.java:25] First error
ERROR [main] c.m.l.App [App.java:26] Second error
ERROR [main] c.m.l.App [App.java:27] Third error
DEBUG [main] c.m.l.App [App.java:28] First debug
DEBUG [main] c.m.l.App [App.java:29] Second debug
DEBUG [main] c.m.l.App [App.java:30] Third debug
DEBUG [main] c.m.l.m.Message [Message.java:31] Som v konštruktore Message Debug.
WARN [main] c.m.l.m.Message [Message.java:32] Som v konštruktore Message Warn
ERROR [main] c.m.l.m.Message [Message.java:33] Som v konštruktore Message Error
ERROR [main] c.m.l.App [App.java:25] First error
ERROR [main] c.m.l.App [App.java:26] Second error
ERROR [main] c.m.l.App [App.java:27] Third error
DEBUG [main] c.m.l.App [App.java:28] First debug
DEBUG [main] c.m.l.App [App.java:29] Second debug
DEBUG [main] c.m.l.App [App.java:30] Third debug
DEBUG [main] c.m.l.m.Message [Message.java:31] Som v konštruktore Message Debug.
WARN [main] c.m.l.m.Message [Message.java:32] Som v konštruktore Message Warn
ERROR [main] c.m.l.m.Message [Message.java:33] Som v konštruktore Message Error
ERROR [main] c.m.l.App [App.java:25] First error
ERROR [main] c.m.l.App [App.java:26] Second error
ERROR [main] c.m.l.App [App.java:27] Third error
DEBUG [main] c.m.l.App [App.java:28] First debug
DEBUG [main] c.m.l.App [App.java:29] Second debug
DEBUG [main] c.m.l.App [App.java:30] Third debug
